<?xml version="1.0" encoding="UTF-8"?>
<robot generator="Robot 7.0 (Python 3.12.2 on win32)" generated="2024-02-27T05:00:37.504594" rpa="false" schemaversion="5">
<suite id="s1" name="TP Robot" source="C:\Users\Khadime\TP Robot">
<suite id="s1-s1" name="Helloword" source="C:\Users\Khadime\TP Robot\helloword.robot">
<test id="s1-s1-t1" name="Verif titre" line="23">
<kw name="lancer prestashop" owner="fichier" type="SETUP">
<kw name="Log To Console" owner="BuiltIn">
<arg>test prestashop</arg>
<doc>Logs the given message to the console.</doc>
<status status="PASS" start="2024-02-27T05:00:37.773094" elapsed="0.000500"/>
</kw>
<kw name="Open Browser" owner="SeleniumLibrary">
<msg time="2024-02-27T05:00:37.774100" level="INFO">Opening browser 'edge' to base url 'http://www.qualifiez.fr/monPrestashop2/prestashop/index.php'.</msg>
<arg>${URL}</arg>
<arg>edge</arg>
<doc>Opens a new browser instance to the optional ``url``.</doc>
<status status="PASS" start="2024-02-27T05:00:37.774100" elapsed="5.159500"/>
</kw>
<status status="PASS" start="2024-02-27T05:00:37.772094" elapsed="5.162004"/>
</kw>
<kw name="Title Should Be" owner="SeleniumLibrary">
<msg time="2024-02-27T05:00:42.939594" level="INFO">Page title is 'monPrestashop'.</msg>
<arg>monPrestashop</arg>
<doc>Verifies that the current page title equals ``title``.</doc>
<status status="PASS" start="2024-02-27T05:00:42.934594" elapsed="0.005501"/>
</kw>
<kw name="Quitter prestashop" owner="fichier" type="TEARDOWN">
<kw name="Log To Console" owner="BuiltIn">
<arg>quitter prestashop</arg>
<doc>Logs the given message to the console.</doc>
<status status="PASS" start="2024-02-27T05:00:42.941098" elapsed="0.000498"/>
</kw>
<kw name="Close All Browsers" owner="SeleniumLibrary">
<doc>Closes all open browsers and resets the browser cache.</doc>
<status status="PASS" start="2024-02-27T05:00:42.942098" elapsed="6.212996"/>
</kw>
<status status="PASS" start="2024-02-27T05:00:42.940594" elapsed="6.215000"/>
</kw>
<status status="PASS" start="2024-02-27T05:00:37.771596" elapsed="11.384499"/>
</test>
<test id="s1-s1-t2" name="Recherche T-Shirt" line="26">
<kw name="lancer prestashop" owner="fichier" type="SETUP">
<kw name="Log To Console" owner="BuiltIn">
<arg>test prestashop</arg>
<doc>Logs the given message to the console.</doc>
<status status="PASS" start="2024-02-27T05:00:49.158594" elapsed="0.000499"/>
</kw>
<kw name="Open Browser" owner="SeleniumLibrary">
<msg time="2024-02-27T05:00:49.159603" level="INFO">Opening browser 'edge' to base url 'http://www.qualifiez.fr/monPrestashop2/prestashop/index.php'.</msg>
<arg>${URL}</arg>
<arg>edge</arg>
<doc>Opens a new browser instance to the optional ``url``.</doc>
<status status="PASS" start="2024-02-27T05:00:49.159093" elapsed="5.146005"/>
</kw>
<status status="PASS" start="2024-02-27T05:00:49.158102" elapsed="5.146996"/>
</kw>
<kw name="Recherche Mot" owner="fichier">
<kw name="Input Text" owner="SeleniumLibrary">
<msg time="2024-02-27T05:00:54.307096" level="INFO">Typing text 'T-Shirt' into text field 'xpath = //*[@id="search_widget"]/form/input[2]'.</msg>
<arg>${Loc_champrecherche}</arg>
<arg>${mot à chercher}</arg>
<doc>Types the given ``text`` into the text field identified by ``locator``.</doc>
<status status="PASS" start="2024-02-27T05:00:54.306595" elapsed="0.095001"/>
</kw>
<kw name="Press Keys" owner="SeleniumLibrary">
<msg time="2024-02-27T05:00:54.403097" level="INFO">Sending key(s) ('RETURN',) to xpath = //*[@id="search_widget"]/form/input[2] element.</msg>
<msg time="2024-02-27T05:00:54.693097" level="INFO">Pressing special key RETURN to element.</msg>
<msg time="2024-02-27T05:00:54.693598" level="INFO">Releasing special key RETURN.</msg>
<arg>${Loc_champrecherche}</arg>
<arg>RETURN</arg>
<doc>Simulates the user pressing key(s) to an element or on the active browser.</doc>
<status status="PASS" start="2024-02-27T05:00:54.402100" elapsed="2.527495"/>
</kw>
<arg>T-Shirt</arg>
<status status="PASS" start="2024-02-27T05:00:54.305594" elapsed="2.624001"/>
</kw>
<kw name="Recherche Titre" owner="fichier">
<kw name="Title Should Be" owner="SeleniumLibrary">
<msg time="2024-02-27T05:00:56.935595" level="INFO">Page title is 'Rechercher'.</msg>
<arg>Rechercher</arg>
<doc>Verifies that the current page title equals ``title``.</doc>
<status status="PASS" start="2024-02-27T05:00:56.931096" elapsed="0.005001"/>
</kw>
<status status="PASS" start="2024-02-27T05:00:56.930595" elapsed="0.006000"/>
</kw>
<kw name="Recherche Texte" owner="fichier">
<kw name="Element Text Should Be" owner="SeleniumLibrary">
<msg time="2024-02-27T05:00:56.938096" level="INFO">Verifying element 'xpath = //*[@id="js-product-list-top"]/div[1]/p' contains exact text 'Il y a 1 produit.'.</msg>
<arg>xpath = //*[@id="js-product-list-top"]/div[1]/p</arg>
<arg>${nombre de produit}</arg>
<doc>Verifies that element ``locator`` contains exact the text ``expected``.</doc>
<status status="PASS" start="2024-02-27T05:00:56.937595" elapsed="0.023001"/>
</kw>
<arg>Il y a 1 produit.</arg>
<status status="PASS" start="2024-02-27T05:00:56.937095" elapsed="0.023501"/>
</kw>
<kw name="Quitter prestashop" owner="fichier" type="TEARDOWN">
<kw name="Log To Console" owner="BuiltIn">
<arg>quitter prestashop</arg>
<doc>Logs the given message to the console.</doc>
<status status="PASS" start="2024-02-27T05:00:56.962096" elapsed="0.000502"/>
</kw>
<kw name="Close All Browsers" owner="SeleniumLibrary">
<doc>Closes all open browsers and resets the browser cache.</doc>
<status status="PASS" start="2024-02-27T05:00:56.962598" elapsed="6.234996"/>
</kw>
<status status="PASS" start="2024-02-27T05:00:56.961098" elapsed="6.236997"/>
</kw>
<status status="PASS" start="2024-02-27T05:00:49.157093" elapsed="14.041504"/>
</test>
<test id="s1-s1-t3" name="Recherches" line="31">
<kw name="lancer prestashop" owner="fichier" type="SETUP">
<kw name="Log To Console" owner="BuiltIn">
<arg>test prestashop</arg>
<doc>Logs the given message to the console.</doc>
<status status="PASS" start="2024-02-27T05:01:03.201597" elapsed="0.000497"/>
</kw>
<kw name="Open Browser" owner="SeleniumLibrary">
<msg time="2024-02-27T05:01:03.202596" level="INFO">Opening browser 'edge' to base url 'http://www.qualifiez.fr/monPrestashop2/prestashop/index.php'.</msg>
<arg>${URL}</arg>
<arg>edge</arg>
<doc>Opens a new browser instance to the optional ``url``.</doc>
<status status="PASS" start="2024-02-27T05:01:03.202094" elapsed="5.317500"/>
</kw>
<status status="PASS" start="2024-02-27T05:01:03.200598" elapsed="5.318996"/>
</kw>
<kw name="Recherche site web">
<kw name="Recherche Mot" owner="fichier">
<kw name="Input Text" owner="SeleniumLibrary">
<msg time="2024-02-27T05:01:08.521594" level="INFO">Typing text 'T-shirt' into text field 'xpath = //*[@id="search_widget"]/form/input[2]'.</msg>
<arg>${Loc_champrecherche}</arg>
<arg>${mot à chercher}</arg>
<doc>Types the given ``text`` into the text field identified by ``locator``.</doc>
<status status="PASS" start="2024-02-27T05:01:08.521095" elapsed="0.093500"/>
</kw>
<kw name="Press Keys" owner="SeleniumLibrary">
<msg time="2024-02-27T05:01:08.616094" level="INFO">Sending key(s) ('RETURN',) to xpath = //*[@id="search_widget"]/form/input[2] element.</msg>
<msg time="2024-02-27T05:01:08.891095" level="INFO">Pressing special key RETURN to element.</msg>
<msg time="2024-02-27T05:01:08.891595" level="INFO">Releasing special key RETURN.</msg>
<arg>${Loc_champrecherche}</arg>
<arg>RETURN</arg>
<doc>Simulates the user pressing key(s) to an element or on the active browser.</doc>
<status status="PASS" start="2024-02-27T05:01:08.615099" elapsed="2.268996"/>
</kw>
<arg>${Recherche Mot}</arg>
<status status="PASS" start="2024-02-27T05:01:08.521095" elapsed="2.363000"/>
</kw>
<kw name="Recherche Titre" owner="fichier">
<kw name="Title Should Be" owner="SeleniumLibrary">
<msg time="2024-02-27T05:01:10.890094" level="INFO">Page title is 'Rechercher'.</msg>
<arg>Rechercher</arg>
<doc>Verifies that the current page title equals ``title``.</doc>
<status status="PASS" start="2024-02-27T05:01:10.885095" elapsed="0.004999"/>
</kw>
<status status="PASS" start="2024-02-27T05:01:10.884596" elapsed="0.006003"/>
</kw>
<kw name="Recherche Texte" owner="fichier">
<kw name="Element Text Should Be" owner="SeleniumLibrary">
<msg time="2024-02-27T05:01:10.891594" level="INFO">Verifying element 'xpath = //*[@id="js-product-list-top"]/div[1]/p' contains exact text 'Il y a 1 produit.'.</msg>
<arg>xpath = //*[@id="js-product-list-top"]/div[1]/p</arg>
<arg>${nombre de produit}</arg>
<doc>Verifies that element ``locator`` contains exact the text ``expected``.</doc>
<status status="PASS" start="2024-02-27T05:01:10.891094" elapsed="0.022000"/>
</kw>
<arg>${Recherche Texte}</arg>
<status status="PASS" start="2024-02-27T05:01:10.890599" elapsed="0.022495"/>
</kw>
<arg>T-shirt</arg>
<arg>Il y a 1 produit.</arg>
<status status="PASS" start="2024-02-27T05:01:08.520098" elapsed="2.392996"/>
</kw>
<kw name="Recherche site web">
<kw name="Recherche Mot" owner="fichier">
<kw name="Input Text" owner="SeleniumLibrary">
<msg time="2024-02-27T05:01:10.915094" level="INFO">Typing text 'MUG' into text field 'xpath = //*[@id="search_widget"]/form/input[2]'.</msg>
<arg>${Loc_champrecherche}</arg>
<arg>${mot à chercher}</arg>
<doc>Types the given ``text`` into the text field identified by ``locator``.</doc>
<status status="PASS" start="2024-02-27T05:01:10.914598" elapsed="0.066997"/>
</kw>
<kw name="Press Keys" owner="SeleniumLibrary">
<msg time="2024-02-27T05:01:10.982596" level="INFO">Sending key(s) ('RETURN',) to xpath = //*[@id="search_widget"]/form/input[2] element.</msg>
<msg time="2024-02-27T05:01:11.261597" level="INFO">Pressing special key RETURN to element.</msg>
<msg time="2024-02-27T05:01:11.262098" level="INFO">Releasing special key RETURN.</msg>
<arg>${Loc_champrecherche}</arg>
<arg>RETURN</arg>
<doc>Simulates the user pressing key(s) to an element or on the active browser.</doc>
<status status="PASS" start="2024-02-27T05:01:10.981595" elapsed="2.267503"/>
</kw>
<arg>${Recherche Mot}</arg>
<status status="PASS" start="2024-02-27T05:01:10.914598" elapsed="2.334500"/>
</kw>
<kw name="Recherche Titre" owner="fichier">
<kw name="Title Should Be" owner="SeleniumLibrary">
<msg time="2024-02-27T05:01:13.255594" level="INFO">Page title is 'Rechercher'.</msg>
<arg>Rechercher</arg>
<doc>Verifies that the current page title equals ``title``.</doc>
<status status="PASS" start="2024-02-27T05:01:13.249595" elapsed="0.006499"/>
</kw>
<status status="PASS" start="2024-02-27T05:01:13.249098" elapsed="0.006996"/>
</kw>
<kw name="Recherche Texte" owner="fichier">
<kw name="Element Text Should Be" owner="SeleniumLibrary">
<msg time="2024-02-27T05:01:13.257596" level="INFO">Verifying element 'xpath = //*[@id="js-product-list-top"]/div[1]/p' contains exact text 'Il y a 5 produits.'.</msg>
<arg>xpath = //*[@id="js-product-list-top"]/div[1]/p</arg>
<arg>${nombre de produit}</arg>
<doc>Verifies that element ``locator`` contains exact the text ``expected``.</doc>
<status status="PASS" start="2024-02-27T05:01:13.257094" elapsed="0.013999"/>
</kw>
<arg>${Recherche Texte}</arg>
<status status="PASS" start="2024-02-27T05:01:13.256094" elapsed="0.014999"/>
</kw>
<arg>MUG</arg>
<arg>Il y a 5 produits.</arg>
<status status="PASS" start="2024-02-27T05:01:10.914098" elapsed="2.356995"/>
</kw>
<kw name="Quitter prestashop" owner="fichier" type="TEARDOWN">
<kw name="Log To Console" owner="BuiltIn">
<arg>quitter prestashop</arg>
<doc>Logs the given message to the console.</doc>
<status status="PASS" start="2024-02-27T05:01:13.272598" elapsed="0.000497"/>
</kw>
<kw name="Close All Browsers" owner="SeleniumLibrary">
<doc>Closes all open browsers and resets the browser cache.</doc>
<status status="PASS" start="2024-02-27T05:01:13.273095" elapsed="6.230499"/>
</kw>
<status status="PASS" start="2024-02-27T05:01:13.272101" elapsed="6.231994"/>
</kw>
<status status="PASS" start="2024-02-27T05:01:03.200096" elapsed="16.303999"/>
</test>
<status status="PASS" start="2024-02-27T05:00:37.532092" elapsed="41.973502"/>
</suite>
<status status="PASS" start="2024-02-27T05:00:37.509597" elapsed="41.997998"/>
</suite>
<statistics>
<total>
<stat pass="3" fail="0" skip="0">All Tests</stat>
</total>
<tag>
</tag>
<suite>
<stat pass="3" fail="0" skip="0" id="s1" name="TP Robot">TP Robot</stat>
<stat pass="3" fail="0" skip="0" id="s1-s1" name="Helloword">TP Robot.Helloword</stat>
</suite>
</statistics>
<errors>
</errors>
</robot>
