<?xml version="1.0" encoding="UTF-8"?>
<robot generator="Robot 7.0 (Python 3.12.2 on win32)" generated="2024-02-27T07:03:48.253095" rpa="false" schemaversion="5">
<suite id="s1" name="TP Robot" source="C:\Users\Khadime\TP Robot">
<suite id="s1-s1" name="Librairie" source="C:\Users\Khadime\TP Robot\librairie.robot">
<test id="s1-s1-t1" name="Test library" line="5">
<kw name="nouveau calcul" owner="wraper">
<msg time="2024-02-27T07:03:48.310602" level="INFO">${resultat} = 1.5</msg>
<var>${resultat}</var>
<arg>7</arg>
<arg>True</arg>
<status status="PASS" start="2024-02-27T07:03:48.310103" elapsed="0.000499"/>
</kw>
<kw name="Bidon" owner="wraper">
<msg time="2024-02-27T07:03:48.312097" level="INFO">test bidon</msg>
<status status="PASS" start="2024-02-27T07:03:48.311595" elapsed="0.000502"/>
</kw>
<kw name="Log To Console" owner="BuiltIn">
<arg>${resultat}</arg>
<doc>Logs the given message to the console.</doc>
<status status="PASS" start="2024-02-27T07:03:48.312598" elapsed="0.000501"/>
</kw>
<kw name="Should Be Equal As Numbers" owner="BuiltIn">
<msg time="2024-02-27T07:03:48.313596" level="INFO">Argument types are:
&lt;class 'float'&gt;
&lt;class 'str'&gt;</msg>
<arg>${resultat}</arg>
<arg>1.5</arg>
<doc>Fails if objects are unequal after converting them to real numbers.</doc>
<status status="PASS" start="2024-02-27T07:03:48.313596" elapsed="0.000000"/>
</kw>
<status status="PASS" start="2024-02-27T07:03:48.309096" elapsed="0.005499"/>
</test>
<test id="s1-s1-t2" name="Test nombre au hasard" line="12">
<kw name="nombre au hasard">
<kw name="Evaluate" owner="BuiltIn">
<msg time="2024-02-27T07:03:48.317097" level="INFO">${random} = 2347576058341883305</msg>
<var>${random}</var>
<arg>random.randint(0, sys.maxsize)</arg>
<doc>Evaluates the given expression in Python and returns the result.</doc>
<status status="PASS" start="2024-02-27T07:03:48.316598" elapsed="0.000499"/>
</kw>
<return>
<value>${random}</value>
<status status="PASS" start="2024-02-27T07:03:48.317594" elapsed="0.000000"/>
</return>
<msg time="2024-02-27T07:03:48.317594" level="INFO">${nombre au hasard} = 2347576058341883305</msg>
<var>${nombre au hasard}</var>
<status status="PASS" start="2024-02-27T07:03:48.316598" elapsed="0.001501"/>
</kw>
<kw name="Log To Console" owner="BuiltIn">
<arg>${nombre au hasard}</arg>
<doc>Logs the given message to the console.</doc>
<status status="PASS" start="2024-02-27T07:03:48.318629" elapsed="0.000965"/>
</kw>
<kw name="Skip If" owner="BuiltIn">
<msg time="2024-02-27T07:03:48.320100" level="SKIP">2347576058341883305 &gt; 100</msg>
<arg>${nombre au hasard} &gt; 100</arg>
<doc>Skips the rest of the current test if the ``condition`` is True.</doc>
<status status="SKIP" start="2024-02-27T07:03:48.320100" elapsed="0.000502">2347576058341883305 &gt; 100</status>
</kw>
<status status="SKIP" start="2024-02-27T07:03:48.315594" elapsed="0.005501">2347576058341883305 &gt; 100</status>
</test>
<status status="PASS" start="2024-02-27T07:03:48.300095" elapsed="0.022501"/>
</suite>
<status status="PASS" start="2024-02-27T07:03:48.258095" elapsed="0.066000"/>
</suite>
<statistics>
<total>
<stat pass="1" fail="0" skip="1">All Tests</stat>
</total>
<tag>
</tag>
<suite>
<stat pass="1" fail="0" skip="1" id="s1" name="TP Robot">TP Robot</stat>
<stat pass="1" fail="0" skip="1" id="s1-s1" name="Librairie">TP Robot.Librairie</stat>
</suite>
</statistics>
<errors>
</errors>
</robot>
